Testbench_jump.v:197: vvp.tgt sorry: procedural continuous assignments are not yet fully supported. The RHS of this assignment will only be evaluated once, at the time the assignment statement is executed.
Testbench_jump.v:218: vvp.tgt sorry: procedural continuous assignments are not yet fully supported. The RHS of this assignment will only be evaluated once, at the time the assignment statement is executed.
Testbench_jump.v:114: vvp.tgt sorry: procedural continuous assignments are not yet fully supported. The RHS of this assignment will only be evaluated once, at the time the assignment statement is executed.
[0;31mPASS PATTERN NO.   1, [m
[0;31mPASS PATTERN NO.   2, [m
[1;31mPASS PATTERN NO.   3, [m
[1;31mPASS PATTERN NO.   4, [m
[1;31mPASS PATTERN NO.   5, [m
[1;33mPASS PATTERN NO.   6, [m
[1;33mPASS PATTERN NO.   7, [m
[1;33mPASS PATTERN NO.   8, [m
[0;32mPASS PATTERN NO.   9, [m
[0;32mPASS PATTERN NO.  10, [m
[0;32mPASS PATTERN NO.  11, [m
[0;36mPASS PATTERN NO.  12, [m
[0;36mPASS PATTERN NO.  13, [m
[0;36mPASS PATTERN NO.  14, [m
[0;34mPASS PATTERN NO.  15, [m
[0;34mPASS PATTERN NO.  16, [m
[0;34mPASS PATTERN NO.  17, [m
[0;35mPASS PATTERN NO.  18, [m
[0;35mPASS PATTERN NO.  19, [m
[0;35mPASS PATTERN NO.  20, [m
[0;31mPASS PATTERN NO.  21, [m
[0;31mPASS PATTERN NO.  22, [m
[0;31mPASS PATTERN NO.  23, [m
[1;31mPASS PATTERN NO.  24, [m
[1;31mPASS PATTERN NO.  25, [m
[1;31mPASS PATTERN NO.  26, [m
[1;33mPASS PATTERN NO.  27, [m
[1;33mPASS PATTERN NO.  28, [m
[1;33mPASS PATTERN NO.  29, [m
[0;32mPASS PATTERN NO.  30, [m
[0;32mPASS PATTERN NO.  31, [m
[31m                                                                                                                                          
[31m                                                                                [36m      :BBQvi.                                              
[31m                                                              .i7ssrvs7         [36m     BBBBBBBBQi                                           
[31m                        .:r7rrrr:::.        .::::::...   .i7vr:.      .B:       [36m    :BBBP :7BBBB.                                         
[31m                      .Kv.........:rrvYr7v7rr:.....:rrirJr.   .rgBBBBg  Bi      [36m    BBBB     BBBB                                         
[31m                     7Q  :rubEPUri:.       ..:irrii:..    :bBBBBBBBBBBB  B      [36m   iBBBv     BBBB       vBr                               
[31m                    7B  BBBBBBBBBBBBBBB::BBBBBBBBBBBBBBBBBBBBBBBBBBBBBBB :R     [36m   BBBBBKrirBBBB.     :BBBBBB:                            
[31m                   Jd .BBBBBBBBBBBBBBBBBBBBBBBBBBBBBBBBBBBBBBBBBBBBBBBBB: Bi    [36m  rBBBBBBBBBBBR.    .BBBM:BBB                             
[31m                  uZ .BBBBBBBBBBBBBBBBBBBBBBBBBBBBBBBBBBBBBBBBBBBBBBBBBBB .B    [36m  BBBB   .::.      EBBBi :BBU                             
[31m                 7B .BBBBBBBBBBBBBBBBBBBBBBBBBBBBBBBBBBBBBBBBBBBBBBBBBBBB  B    [36m MBBBr           vBBBu   BBB.                             
[31m                .B  BBBBBBBBBBBBBBBBBBBBBBBBBBBBBBBBBBBBBBBBBBBBBBBBBBBBB: JJ   [36m i7PB          iBBBBB.  iBBB                              
[31m                B. BBBBBBBBBBBBBBBBBBBBBBBBBBBBBBBBBBBBBBBBBBBBBBBBBBBBBBB  Lu             [36m  vBBBBPBBBBPBBB7       .7QBB5i                
[33m               Y1 KBBBBBBBBBBBBBBBBBBBBBBBBBBBBBBBBBBBBBBBBBBBBBBi XBBBBBBBi :B            [36m :RBBB.  .rBBBBB.      rBBBBBBBB7              
[33m              :B .BBBBBBBBBBBBBsRBBBBBBBBBBBrQBBBBB. UBBBRrBBBBBBr 1BBBBBBBBB  B.          [36m    .       BBBB       BBBB  :BBBB             
[33m              Bi BBBBBBBBBBBBBi :BBBBBBBBBBE .BBK.  .  .   QBBBBBBBBBBBBBBBBBB  Bi         [36m           rBBBr       BBBB    BBBU            
[33m             .B .BBBBBBBBBBBBBBQBBBBBBBBBBBB       [38;2;242;172;172mBBv [33m.LBBBBBBBBBBBBBBBBBBBBBB. B7.:ii:   [36m           vBBB        .BBBB   :7i.            
[33m            .B  PBBBBBBBBBBBBBBBBBBBBBBBBBBBBbYQB. [38;2;242;172;172mBB: [33mBBBBBBBBBBBBBBBBBBBBBBBBB  Jr:::rK7 [36m             .7  BBB7   iBBBg                  
[33m           7M  PBBBBBBBBBBBBBBBBBBBBBBBBBBBBBBBBB  [38;2;242;172;172mBB. [33mBBBBBBBBBBBBBBBBBBBBBBB..i   .   v1                  [36mdBBB.   5BBBr                 
[33m          sZ .BBBBBBBBBBBBBBBBBBBBBBBBBBBBBBBBBBB  [38;2;242;172;172mBB. [33mBBBBBBBBBBBBBBBBBBBBBBBBBBB iD2BBQL.                 [36m ZBBBr  EBBBv     YBBBBQi     
[33m  .7YYUSIX5 .BBBBBBBBBBBBBBBBBBBBBBBBBBBBBBBBBBBB  [38;2;242;172;172mBB. [33mBBBBBBBBBBBBBBBBBBBBBBBBY.:.      :B                 [36m  iBBBBBBBBD     BBBBBBBBB.   
[33m LB.        ..BBBBBBBBBBBBBBBBBBBBBBBBBBBBBBBBBBB. [38;2;242;172;172mBB: [33mBBBBBBBBBBBBBBBBBBBBBBBBMBBB. BP17si                 [36m    :LBBBr      vBBBi  5BBB   
[33m  KvJPBBB :BBBBBBBBBBBBBBBBBBBBBBBBBBBBBBBBBBBBBB: [38;2;242;172;172mZB: [33mBBBBBBBBBBBBBBBBBBBBBBBBBsiJr .i7ssr:                [36m          ...   :BBB:   BBBu  
[33m i7ii:.   ::BBBBBBBBBBBBBBBBBBBBBBBBBBBBBBBBBBBBBj [38;2;242;172;172muBi [33mQBBBBBBBBBBBBBBBBBBBBBBBBi.ir      iB                [36m         .BBBi   BBBB   iMBu  
[32mDB    .  vBdBBBBBBBBBBBBBBBBBBBBBBBBBBBBBBBBBBBBBg [38;2;242;172;172m7Bi [32mBBBBBBBBBBBBBBBBBBBBBBBBBBBBB rBrXPv.                [36m          BBBX   :BBBr        
[32m :vQBBB. BQBBBBBBBBBBBBBBBBBBBBBBBBBBBBBBBBBBBBBBQ [38;2;242;172;172miB: [32mBBBBBBBBBBBBBBBBBBBBBBBBBBBBB .L:ii::irrrrrrrr7jIr   [36m          .BBBv  :BBBQ        
[32m :7:.   .. 5BBBBBBBBBBBBBBBBBBBBBBBBBBBBBBBBBBBBBB  [38;2;242;172;172mBr [32mBBBBBBBBBBBBBBBBBBBBBBBBBBBB:            ..... ..YB. [36m           .BBBBBBBBB:        
[32mBU  .:. BBBBBBBBBBBBBBBBBBBBBBBBBBBBBBBBBBBBBBBBBB  [38;2;242;172;172mB7 [32mgBBBBBBBBBBBBBBBBBBBBBBBBBB. gBBBBBBBBBBBBBBBBBB. BL [36m             rBBBBB1.         
[32m rY7iB: BBBBBBBBBBBBBBBBBBBBBBBBBBBBBBBBBBBBBBBBBB: [38;2;242;172;172mB7 [32mBBBBBBBBBBBBBBBBBBBBBBBBBB. QBBBBBBBBBBBBBBBBBi  v5                                
[32m     us EBBBBBBBBBBBBBBBBBBBBBBBBBBBBBBBBBBBBBBBBBB [38;2;242;172;172mIr [32mBBBBBBBBBBBBBBBBBBBBBBBBBBBBBBBBBgu7i.:BBBBBBBr Bu                                 
[32m      B  7BBBBBBBBBBBBBBBBBBBBBBBBBBBBBBBBBBBBBBBBB.[38;2;242;172;172m:i [32mBBBBBBBBBBBBBBBBBBBBBBBBBBBv:.  .. :::  .rr    rB                                  
[32m      us  .BBBBBBBBBBBBBQLXBBBBBBBBBBBBBBBBBBBBBBBBq  .BBBBBBBBBBBBBBBBBBBBBBBBBv  :iJ7vri:::1Jr..isJYr                                   
[32m      B  BBBBBBB  MBBBM      qBBBBBBBBBBBBBBBBBBBBBB: BBBBBBBBBBBBBBBBBBBBBBBBBB  B:           iir:                                       
[34m     iB iBBBBBBBL       BBBP. :BBBBBBBBBBBBBBBBBBBBBBBBBBBBBBBBBBBBBBBBBBBBBBBB  B.                                                       
[34m     P: BBBBBBBBBBB5v7gBBBBBB  BBBBBBBBBBBBBBBBBBBBBBBBBBBBBBBBBBBBBBBBBBBBBBB: Br                                                        
[34m     B  BBBs 7BBBBBBBBBBBBBB7 :BBBBBBBBBBBBBBBBBBBBBBBBBBBBBBBBBBBBBBBBBBBBBBB .B                                                         
[34m    .B :BBBB.  EBBBBBQBBBBBJ .BBBBBBBBBBBBBBBBBBBBBBBBBBBBBBBBBBBBBBBBBBBBBBB. B.                                                         
[34m    ij qBBBBBg          ..  .BBBBBBBBBBBBBBBBBBBBBBBBBBBBBBBBBBBBBBBBBBBBBBBB .B                                                          
[34m    UY QBBBBBBBBSUSPDQL...iBBBBBBBBBBBBBBBBBBBBBBBBBBBBBBBBBBBBBBBBBBBBBBBBBK EL                                                          
[34m    B7 BBBBBBBBBBBBBBBBBBBBBBBBBBBBBBBBBBBBBBBBBBBBBBBBBBBBBBBBBBBBBBBBBBBBB: B:                                                          
[34m    B  BBBBBBBBBBBBBBBBBBBBBBBBBBBBBBBBBBBBBBBYrBB vBBBBBBBBBBBBBBBBBBBBBBBB. Ls                                                          
[34m    B  BBBBBBBBBBBBBBBBBBBBBBBBBBBBBBBBBBBBBBBi_  /UBBBBBBBBBBBBBBBBBBBBBBBBB. :B:                                                        
[35m   rM .BBBBBBBBBBBBBBBBBBBBBBBBBBBBBBBBBBBBBBBB  ..IBBBBBBBBBBBBBBBBQBBBBBBBBBB  B                                                        
[35m   B  BBBBBBBBBdZBBBBBBBBBBBBBBBBBBBBBBBBBBBBBBPBBBBBBBBBBBBEji:..     sBBBBBBBr Br                                                       
[35m  7B 7BBBBBBBr     .:vXQBBBBBBBBBBBBBBBBBBBBBBBBBQqui::..  ...i:i7777vi  BBBBBBr Bi                                                       
[35m  Ki BBBBBBB  rY7vr:i....  .............:.....  ...:rii7vrr7r:..      7B  BBBBB  Bi                                                       
[35m  B. BBBBBB  B:    .::ir77rrYLvvriiiiiiirvvY7rr77ri:..                 bU  iQBB:..rI                                                      
[35m.S: 7BBBBP  B.                                                          vI7.  .:.  B.                                                     
[35mB: ir:.   :B.                                                             :rvsUjUgU.                                                      
[35mrMvrrirJKur                                                                                                                               [m
-------------------------------------------------------------------------------------------------------------------------------------
                                                         Congratulations!                						                    
                                                   You have passed all patterns!          						                    
-------------------------------------------------------------------------------------------------------------------------------------
Testbench_jump.v:71: $finish called at 980000 (1ps)
