+++++ R-type & addi +++++
test 1
ERROR: Testbench.v:92: $readmemb: Unable to open testcases/test_1.txt for reading.
ERROR: invalid function code (0b000000)!!
Stop simulation
test 2
YOU PASS Pattern N0.  1
YOU PASS Pattern N0.  2
YOU PASS Pattern N0.  3
YOU PASS Pattern N0.  4
test 3
YOU PASS Pattern N0.  1
YOU PASS Pattern N0.  2
YOU PASS Pattern N0.  3
YOU PASS Pattern N0.  4
YOU PASS Pattern N0.  5
+++++ I-type & jump +++++
test 4
YOU PASS Pattern N0.  1
YOU PASS Pattern N0.  2
YOU PASS Pattern N0.  3
YOU PASS Pattern N0.  4
YOU PASS Pattern N0.  5
YOU PASS Pattern N0.  6
YOU PASS Pattern N0.  7
YOU PASS Pattern N0.  8
YOU PASS Pattern N0.  9
YOU PASS Pattern N0. 10
YOU PASS Pattern N0. 11
YOU PASS Pattern N0. 12
YOU PASS Pattern N0. 13
YOU PASS Pattern N0. 14
YOU PASS Pattern N0. 15
YOU PASS Pattern N0. 16
YOU PASS Pattern N0. 17
YOU PASS Pattern N0. 18
YOU PASS Pattern N0. 19
YOU PASS Pattern N0. 20
YOU PASS Pattern N0. 21
YOU PASS Pattern N0. 22
YOU PASS Pattern N0. 23
test 5
YOU PASS Pattern N0.  1
YOU PASS Pattern N0.  2
YOU PASS Pattern N0.  3
YOU PASS Pattern N0.  4
YOU PASS Pattern N0.  5
YOU PASS Pattern N0.  6
YOU PASS Pattern N0.  7
YOU PASS Pattern N0.  8
YOU PASS Pattern N0.  9
YOU PASS Pattern N0. 10
YOU PASS Pattern N0. 11
YOU PASS Pattern N0. 12
YOU PASS Pattern N0. 13
YOU PASS Pattern N0. 14
YOU PASS Pattern N0. 15
YOU PASS Pattern N0. 16
YOU PASS Pattern N0. 17
YOU PASS Pattern N0. 18
YOU PASS Pattern N0. 19
YOU PASS Pattern N0. 20
YOU PASS Pattern N0. 21
YOU PASS Pattern N0. 22
YOU PASS Pattern N0. 23
YOU PASS Pattern N0. 24
YOU PASS Pattern N0. 25
YOU PASS Pattern N0. 26
YOU PASS Pattern N0. 27
YOU PASS Pattern N0. 28
YOU PASS Pattern N0. 29
YOU PASS Pattern N0. 30
YOU PASS Pattern N0. 31
YOU PASS Pattern N0. 32
YOU PASS Pattern N0. 33
YOU PASS Pattern N0. 34
YOU PASS Pattern N0. 35
YOU PASS Pattern N0. 36
YOU PASS Pattern N0. 37
YOU PASS Pattern N0. 38
YOU PASS Pattern N0. 39
YOU PASS Pattern N0. 40
YOU PASS Pattern N0. 41
YOU PASS Pattern N0. 42
YOU PASS Pattern N0. 43
YOU PASS Pattern N0. 44
YOU PASS Pattern N0. 45
YOU PASS Pattern N0. 46
YOU PASS Pattern N0. 47
YOU PASS Pattern N0. 48
YOU PASS Pattern N0. 49
YOU PASS Pattern N0. 50
YOU PASS Pattern N0. 51
YOU PASS Pattern N0. 52
YOU PASS Pattern N0. 53
YOU PASS Pattern N0. 54
YOU PASS Pattern N0. 55
YOU PASS Pattern N0. 56
YOU PASS Pattern N0. 57
YOU PASS Pattern N0. 58
YOU PASS Pattern N0. 59
YOU PASS Pattern N0. 60
YOU PASS Pattern N0. 61
YOU PASS Pattern N0. 62
YOU PASS Pattern N0. 63
YOU PASS Pattern N0. 64
YOU PASS Pattern N0. 65
YOU PASS Pattern N0. 66
YOU PASS Pattern N0. 67
YOU PASS Pattern N0. 68
YOU PASS Pattern N0. 69
YOU PASS Pattern N0. 70
YOU PASS Pattern N0. 71
YOU PASS Pattern N0. 72
YOU PASS Pattern N0. 73
YOU PASS Pattern N0. 74
YOU PASS Pattern N0. 75
YOU PASS Pattern N0. 76
YOU PASS Pattern N0. 77
YOU PASS Pattern N0. 78
YOU PASS Pattern N0. 79
YOU PASS Pattern N0. 80
YOU PASS Pattern N0. 81
YOU PASS Pattern N0. 82
YOU PASS Pattern N0. 83
YOU PASS Pattern N0. 84
YOU PASS Pattern N0. 85
YOU PASS Pattern N0. 86
YOU PASS Pattern N0. 87
YOU PASS Pattern N0. 88
YOU PASS Pattern N0. 89
YOU PASS Pattern N0. 90
YOU PASS Pattern N0. 91
YOU PASS Pattern N0. 92
YOU PASS Pattern N0. 93
YOU PASS Pattern N0. 94
YOU PASS Pattern N0. 95
YOU PASS Pattern N0. 96
YOU PASS Pattern N0. 97
YOU PASS Pattern N0. 98
YOU PASS Pattern N0. 99
YOU PASS Pattern N0. 100
YOU PASS Pattern N0. 101
YOU PASS Pattern N0. 102
YOU PASS Pattern N0. 103
YOU PASS Pattern N0. 104
YOU PASS Pattern N0. 105
YOU PASS Pattern N0. 106
YOU PASS Pattern N0. 107
YOU PASS Pattern N0. 108
YOU PASS Pattern N0. 109
YOU PASS Pattern N0. 110
YOU PASS Pattern N0. 111
YOU PASS Pattern N0. 112
YOU PASS Pattern N0. 113
YOU PASS Pattern N0. 114
YOU PASS Pattern N0. 115
YOU PASS Pattern N0. 116
YOU PASS Pattern N0. 117
YOU PASS Pattern N0. 118
YOU PASS Pattern N0. 119
YOU PASS Pattern N0. 120
YOU PASS Pattern N0. 121
YOU PASS Pattern N0. 122
YOU PASS Pattern N0. 123
YOU PASS Pattern N0. 124
YOU PASS Pattern N0. 125
YOU PASS Pattern N0. 126
YOU PASS Pattern N0. 127
YOU PASS Pattern N0. 128
YOU PASS Pattern N0. 129
YOU PASS Pattern N0. 130
YOU PASS Pattern N0. 131
YOU PASS Pattern N0. 132
YOU PASS Pattern N0. 133
YOU PASS Pattern N0. 134
YOU PASS Pattern N0. 135
YOU PASS Pattern N0. 136
YOU PASS Pattern N0. 137
YOU PASS Pattern N0. 138
YOU PASS Pattern N0. 139
YOU PASS Pattern N0. 140
YOU PASS Pattern N0. 141
YOU PASS Pattern N0. 142
YOU PASS Pattern N0. 143
YOU PASS Pattern N0. 144
YOU PASS Pattern N0. 145
YOU PASS Pattern N0. 146
YOU PASS Pattern N0. 147
YOU PASS Pattern N0. 148
YOU PASS Pattern N0. 149
YOU PASS Pattern N0. 150
YOU PASS Pattern N0. 151
YOU PASS Pattern N0. 152
YOU PASS Pattern N0. 153
YOU PASS Pattern N0. 154
YOU PASS Pattern N0. 155
YOU PASS Pattern N0. 156
YOU PASS Pattern N0. 157
YOU PASS Pattern N0. 158
YOU PASS Pattern N0. 159
YOU PASS Pattern N0. 160
YOU PASS Pattern N0. 161
YOU PASS Pattern N0. 162
YOU PASS Pattern N0. 163
YOU PASS Pattern N0. 164
YOU PASS Pattern N0. 165
YOU PASS Pattern N0. 166
YOU PASS Pattern N0. 167
YOU PASS Pattern N0. 168
YOU PASS Pattern N0. 169
YOU PASS Pattern N0. 170
YOU PASS Pattern N0. 171
YOU PASS Pattern N0. 172
YOU PASS Pattern N0. 173
YOU PASS Pattern N0. 174
YOU PASS Pattern N0. 175
YOU PASS Pattern N0. 176
YOU PASS Pattern N0. 177
YOU PASS Pattern N0. 178
YOU PASS Pattern N0. 179
YOU PASS Pattern N0. 180
YOU PASS Pattern N0. 181
YOU PASS Pattern N0. 182
YOU PASS Pattern N0. 183
YOU PASS Pattern N0. 184
YOU PASS Pattern N0. 185
YOU PASS Pattern N0. 186
YOU PASS Pattern N0. 187
YOU PASS Pattern N0. 188
YOU PASS Pattern N0. 189
YOU PASS Pattern N0. 190
YOU PASS Pattern N0. 191
YOU PASS Pattern N0. 192
YOU PASS Pattern N0. 193
YOU PASS Pattern N0. 194
YOU PASS Pattern N0. 195
YOU PASS Pattern N0. 196
YOU PASS Pattern N0. 197
YOU PASS Pattern N0. 198
YOU PASS Pattern N0. 199
YOU PASS Pattern N0. 200
YOU PASS Pattern N0. 201
YOU PASS Pattern N0. 202
YOU PASS Pattern N0. 203
YOU PASS Pattern N0. 204
YOU PASS Pattern N0. 205
YOU PASS Pattern N0. 206
YOU PASS Pattern N0. 207
YOU PASS Pattern N0. 208
YOU PASS Pattern N0. 209
YOU PASS Pattern N0. 210
YOU PASS Pattern N0. 211
YOU PASS Pattern N0. 212
YOU PASS Pattern N0. 213
YOU PASS Pattern N0. 214
YOU PASS Pattern N0. 215
YOU PASS Pattern N0. 216
YOU PASS Pattern N0. 217
YOU PASS Pattern N0. 218
YOU PASS Pattern N0. 219
YOU PASS Pattern N0. 220
YOU PASS Pattern N0. 221
YOU PASS Pattern N0. 222
YOU PASS Pattern N0. 223
YOU PASS Pattern N0. 224
YOU PASS Pattern N0. 225
YOU PASS Pattern N0. 226
YOU PASS Pattern N0. 227
YOU PASS Pattern N0. 228
YOU PASS Pattern N0. 229
YOU PASS Pattern N0. 230
YOU PASS Pattern N0. 231
YOU PASS Pattern N0. 232
YOU PASS Pattern N0. 233
YOU PASS Pattern N0. 234
YOU PASS Pattern N0. 235
YOU PASS Pattern N0. 236
YOU PASS Pattern N0. 237
YOU PASS Pattern N0. 238
YOU PASS Pattern N0. 239
YOU PASS Pattern N0. 240
YOU PASS Pattern N0. 241
YOU PASS Pattern N0. 242
YOU PASS Pattern N0. 243
YOU PASS Pattern N0. 244
YOU PASS Pattern N0. 245
YOU PASS Pattern N0. 246
YOU PASS Pattern N0. 247
YOU PASS Pattern N0. 248
YOU PASS Pattern N0. 249
YOU PASS Pattern N0. 250
YOU PASS Pattern N0. 251
YOU PASS Pattern N0. 252
YOU PASS Pattern N0. 253
YOU PASS Pattern N0. 254
YOU PASS Pattern N0. 255
YOU PASS Pattern N0. 256
YOU PASS Pattern N0. 257
YOU PASS Pattern N0. 258
YOU PASS Pattern N0. 259
YOU PASS Pattern N0. 260
YOU PASS Pattern N0. 261
YOU PASS Pattern N0. 262
YOU PASS Pattern N0. 263
YOU PASS Pattern N0. 264
YOU PASS Pattern N0. 265
YOU PASS Pattern N0. 266
YOU PASS Pattern N0. 267
YOU PASS Pattern N0. 268
YOU PASS Pattern N0. 269
YOU PASS Pattern N0. 270
YOU PASS Pattern N0. 271
YOU PASS Pattern N0. 272
YOU PASS Pattern N0. 273
YOU PASS Pattern N0. 274
YOU PASS Pattern N0. 275
YOU PASS Pattern N0. 276
YOU PASS Pattern N0. 277
YOU PASS Pattern N0. 278
YOU PASS Pattern N0. 279
YOU PASS Pattern N0. 280
YOU PASS Pattern N0. 281
YOU PASS Pattern N0. 282
YOU PASS Pattern N0. 283
YOU PASS Pattern N0. 284
YOU PASS Pattern N0. 285
YOU PASS Pattern N0. 286
YOU PASS Pattern N0. 287
YOU PASS Pattern N0. 288
YOU PASS Pattern N0. 289
YOU PASS Pattern N0. 290
YOU PASS Pattern N0. 291
YOU PASS Pattern N0. 292
YOU PASS Pattern N0. 293
YOU PASS Pattern N0. 294
YOU PASS Pattern N0. 295
YOU PASS Pattern N0. 296
YOU PASS Pattern N0. 297
YOU PASS Pattern N0. 298
YOU PASS Pattern N0. 299
YOU PASS Pattern N0. 300
YOU PASS Pattern N0. 301
YOU PASS Pattern N0. 302
YOU PASS Pattern N0. 303
YOU PASS Pattern N0. 304
YOU PASS Pattern N0. 305
YOU PASS Pattern N0. 306
YOU PASS Pattern N0. 307
YOU PASS Pattern N0. 308
YOU PASS Pattern N0. 309
YOU PASS Pattern N0. 310
YOU PASS Pattern N0. 311
YOU PASS Pattern N0. 312
YOU PASS Pattern N0. 313
YOU PASS Pattern N0. 314
YOU PASS Pattern N0. 315
YOU PASS Pattern N0. 316
YOU PASS Pattern N0. 317
YOU PASS Pattern N0. 318
YOU PASS Pattern N0. 319
YOU PASS Pattern N0. 320
YOU PASS Pattern N0. 321
YOU PASS Pattern N0. 322
YOU PASS Pattern N0. 323
YOU PASS Pattern N0. 324
YOU PASS Pattern N0. 325
YOU PASS Pattern N0. 326
YOU PASS Pattern N0. 327
YOU PASS Pattern N0. 328
YOU PASS Pattern N0. 329
YOU PASS Pattern N0. 330
YOU PASS Pattern N0. 331
YOU PASS Pattern N0. 332
YOU PASS Pattern N0. 333
YOU PASS Pattern N0. 334
YOU PASS Pattern N0. 335
YOU PASS Pattern N0. 336
YOU PASS Pattern N0. 337
YOU PASS Pattern N0. 338
YOU PASS Pattern N0. 339
YOU PASS Pattern N0. 340
YOU PASS Pattern N0. 341
YOU PASS Pattern N0. 342
YOU PASS Pattern N0. 343
YOU PASS Pattern N0. 344
YOU PASS Pattern N0. 345
YOU PASS Pattern N0. 346
YOU PASS Pattern N0. 347
YOU PASS Pattern N0. 348
YOU PASS Pattern N0. 349
YOU PASS Pattern N0. 350
YOU PASS Pattern N0. 351
YOU PASS Pattern N0. 352
YOU PASS Pattern N0. 353
YOU PASS Pattern N0. 354
YOU PASS Pattern N0. 355
YOU PASS Pattern N0. 356
YOU PASS Pattern N0. 357
YOU PASS Pattern N0. 358
YOU PASS Pattern N0. 359
YOU PASS Pattern N0. 360
YOU PASS Pattern N0. 361
YOU PASS Pattern N0. 362
YOU PASS Pattern N0. 363
YOU PASS Pattern N0. 364
YOU PASS Pattern N0. 365
YOU PASS Pattern N0. 366
YOU PASS Pattern N0. 367
YOU PASS Pattern N0. 368
YOU PASS Pattern N0. 369
YOU PASS Pattern N0. 370
YOU PASS Pattern N0. 371
YOU PASS Pattern N0. 372
YOU PASS Pattern N0. 373
YOU PASS Pattern N0. 374
YOU PASS Pattern N0. 375
YOU PASS Pattern N0. 376
YOU PASS Pattern N0. 377
YOU PASS Pattern N0. 378
YOU PASS Pattern N0. 379
YOU PASS Pattern N0. 380
YOU PASS Pattern N0. 381
YOU PASS Pattern N0. 382
YOU PASS Pattern N0. 383
YOU PASS Pattern N0. 384
YOU PASS Pattern N0. 385
YOU PASS Pattern N0. 386
YOU PASS Pattern N0. 387
YOU PASS Pattern N0. 388
YOU PASS Pattern N0. 389
YOU PASS Pattern N0. 390
YOU PASS Pattern N0. 391
YOU PASS Pattern N0. 392
YOU PASS Pattern N0. 393
YOU PASS Pattern N0. 394
YOU PASS Pattern N0. 395
YOU PASS Pattern N0. 396
YOU PASS Pattern N0. 397
YOU PASS Pattern N0. 398
YOU PASS Pattern N0. 399
YOU PASS Pattern N0. 400
YOU PASS Pattern N0. 401
YOU PASS Pattern N0. 402
YOU PASS Pattern N0. 403
YOU PASS Pattern N0. 404
YOU PASS Pattern N0. 405
YOU PASS Pattern N0. 406
YOU PASS Pattern N0. 407
YOU PASS Pattern N0. 408
YOU PASS Pattern N0. 409
YOU PASS Pattern N0. 410
YOU PASS Pattern N0. 411
YOU PASS Pattern N0. 412
YOU PASS Pattern N0. 413
YOU PASS Pattern N0. 414
YOU PASS Pattern N0. 415
YOU PASS Pattern N0. 416
YOU PASS Pattern N0. 417
YOU PASS Pattern N0. 418
YOU PASS Pattern N0. 419
YOU PASS Pattern N0. 420
YOU PASS Pattern N0. 421
YOU PASS Pattern N0. 422
YOU PASS Pattern N0. 423
YOU PASS Pattern N0. 424
YOU PASS Pattern N0. 425
YOU PASS Pattern N0. 426
YOU PASS Pattern N0. 427
YOU PASS Pattern N0. 428
YOU PASS Pattern N0. 429
YOU PASS Pattern N0. 430
YOU PASS Pattern N0. 431
YOU PASS Pattern N0. 432
YOU PASS Pattern N0. 433
YOU PASS Pattern N0. 434
YOU PASS Pattern N0. 435
YOU PASS Pattern N0. 436
YOU PASS Pattern N0. 437
YOU PASS Pattern N0. 438
YOU PASS Pattern N0. 439
YOU PASS Pattern N0. 440
YOU PASS Pattern N0. 441
YOU PASS Pattern N0. 442
YOU PASS Pattern N0. 443
YOU PASS Pattern N0. 444
YOU PASS Pattern N0. 445
YOU PASS Pattern N0. 446
YOU PASS Pattern N0. 447
YOU PASS Pattern N0. 448
YOU PASS Pattern N0. 449
YOU PASS Pattern N0. 450
YOU PASS Pattern N0. 451
YOU PASS Pattern N0. 452
YOU PASS Pattern N0. 453
YOU PASS Pattern N0. 454
YOU PASS Pattern N0. 455
YOU PASS Pattern N0. 456
YOU PASS Pattern N0. 457
YOU PASS Pattern N0. 458
YOU PASS Pattern N0. 459
YOU PASS Pattern N0. 460
YOU PASS Pattern N0. 461
YOU PASS Pattern N0. 462
YOU PASS Pattern N0. 463
YOU PASS Pattern N0. 464
YOU PASS Pattern N0. 465
YOU PASS Pattern N0. 466
YOU PASS Pattern N0. 467
YOU PASS Pattern N0. 468
YOU PASS Pattern N0. 469
YOU PASS Pattern N0. 470
YOU PASS Pattern N0. 471
YOU PASS Pattern N0. 472
YOU PASS Pattern N0. 473
YOU PASS Pattern N0. 474
YOU PASS Pattern N0. 475
YOU PASS Pattern N0. 476
YOU PASS Pattern N0. 477
YOU PASS Pattern N0. 478
YOU PASS Pattern N0. 479
YOU PASS Pattern N0. 480
YOU PASS Pattern N0. 481
YOU PASS Pattern N0. 482
YOU PASS Pattern N0. 483
YOU PASS Pattern N0. 484
YOU PASS Pattern N0. 485
YOU PASS Pattern N0. 486
YOU PASS Pattern N0. 487
YOU PASS Pattern N0. 488
YOU PASS Pattern N0. 489
YOU PASS Pattern N0. 490
YOU PASS Pattern N0. 491
YOU PASS Pattern N0. 492
YOU PASS Pattern N0. 493
YOU PASS Pattern N0. 494
YOU PASS Pattern N0. 495
YOU PASS Pattern N0. 496
YOU PASS Pattern N0. 497
YOU PASS Pattern N0. 498
YOU PASS Pattern N0. 499
YOU PASS Pattern N0. 500
YOU PASS Pattern N0. 501
YOU PASS Pattern N0. 502
YOU PASS Pattern N0. 503
YOU PASS Pattern N0. 504
YOU PASS Pattern N0. 505
YOU PASS Pattern N0. 506
YOU PASS Pattern N0. 507
YOU PASS Pattern N0. 508
YOU PASS Pattern N0. 509
YOU PASS Pattern N0. 510
YOU PASS Pattern N0. 511
YOU PASS Pattern N0. 512
YOU PASS Pattern N0. 513
YOU PASS Pattern N0. 514
YOU PASS Pattern N0. 515
YOU PASS Pattern N0. 516
YOU PASS Pattern N0. 517
YOU PASS Pattern N0. 518
YOU PASS Pattern N0. 519
YOU PASS Pattern N0. 520
YOU PASS Pattern N0. 521
YOU PASS Pattern N0. 522
YOU PASS Pattern N0. 523
YOU PASS Pattern N0. 524
YOU PASS Pattern N0. 525
YOU PASS Pattern N0. 526
YOU PASS Pattern N0. 527
YOU PASS Pattern N0. 528
YOU PASS Pattern N0. 529
YOU PASS Pattern N0. 530
YOU PASS Pattern N0. 531
YOU PASS Pattern N0. 532
YOU PASS Pattern N0. 533
YOU PASS Pattern N0. 534
YOU PASS Pattern N0. 535
YOU PASS Pattern N0. 536
YOU PASS Pattern N0. 537
YOU PASS Pattern N0. 538
YOU PASS Pattern N0. 539
YOU PASS Pattern N0. 540
YOU PASS Pattern N0. 541
YOU PASS Pattern N0. 542
YOU PASS Pattern N0. 543
YOU PASS Pattern N0. 544
YOU PASS Pattern N0. 545
YOU PASS Pattern N0. 546
YOU PASS Pattern N0. 547
YOU PASS Pattern N0. 548
YOU PASS Pattern N0. 549
YOU PASS Pattern N0. 550
YOU PASS Pattern N0. 551
YOU PASS Pattern N0. 552
YOU PASS Pattern N0. 553
YOU PASS Pattern N0. 554
YOU PASS Pattern N0. 555
YOU PASS Pattern N0. 556
YOU PASS Pattern N0. 557
YOU PASS Pattern N0. 558
YOU PASS Pattern N0. 559
YOU PASS Pattern N0. 560
YOU PASS Pattern N0. 561
YOU PASS Pattern N0. 562
YOU PASS Pattern N0. 563
YOU PASS Pattern N0. 564
YOU PASS Pattern N0. 565
YOU PASS Pattern N0. 566
YOU PASS Pattern N0. 567
YOU PASS Pattern N0. 568
YOU PASS Pattern N0. 569
YOU PASS Pattern N0. 570
YOU PASS Pattern N0. 571
YOU PASS Pattern N0. 572
YOU PASS Pattern N0. 573
YOU PASS Pattern N0. 574
YOU PASS Pattern N0. 575
YOU PASS Pattern N0. 576
YOU PASS Pattern N0. 577
YOU PASS Pattern N0. 578
YOU PASS Pattern N0. 579
YOU PASS Pattern N0. 580
YOU PASS Pattern N0. 581
YOU PASS Pattern N0. 582
YOU PASS Pattern N0. 583
YOU PASS Pattern N0. 584
YOU PASS Pattern N0. 585
YOU PASS Pattern N0. 586
YOU PASS Pattern N0. 587
YOU PASS Pattern N0. 588
YOU PASS Pattern N0. 589
YOU PASS Pattern N0. 590
YOU PASS Pattern N0. 591
YOU PASS Pattern N0. 592
YOU PASS Pattern N0. 593
YOU PASS Pattern N0. 594
YOU PASS Pattern N0. 595
YOU PASS Pattern N0. 596
YOU PASS Pattern N0. 597
YOU PASS Pattern N0. 598
YOU PASS Pattern N0. 599
YOU PASS Pattern N0. 600
Score: 77/77 

Testbench.v:440: $finish called at 6470000 (1ps)
